2025-04-23T09:22:15.499+05:30  INFO 1420 --- [productCrudOperationsUsingSpringJpa] [restartedMain] tCrudOperationsUsingSpringJpaApplication : Starting ProductCrudOperationsUsingSpringJpaApplication using Java 21.0.6 with PID 1420 (C:\Users\2400736\Downloads\productCrudOperationsSpringDataJpaRest\productCrudOperationsSpringDataJpaRest\target\classes started by 2400736 in C:\Users\2400736\Downloads\productCrudOperationsSpringDataJpaRest\productCrudOperationsSpringDataJpaRest)
2025-04-23T09:22:15.505+05:30  INFO 1420 --- [productCrudOperationsUsingSpringJpa] [restartedMain] tCrudOperationsUsingSpringJpaApplication : No active profile set, falling back to 1 default profile: "default"
2025-04-23T09:22:15.563+05:30  INFO 1420 --- [productCrudOperationsUsingSpringJpa] [restartedMain] .e.DevToolsPropertyDefaultsPostProcessor : Devtools property defaults active! Set 'spring.devtools.add-properties' to 'false' to disable
2025-04-23T09:22:15.564+05:30  INFO 1420 --- [productCrudOperationsUsingSpringJpa] [restartedMain] .e.DevToolsPropertyDefaultsPostProcessor : For additional web related logging consider setting the 'logging.level.web' property to 'DEBUG'
2025-04-23T09:22:16.859+05:30  INFO 1420 --- [productCrudOperationsUsingSpringJpa] [restartedMain] .s.d.r.c.RepositoryConfigurationDelegate : Bootstrapping Spring Data JPA repositories in DEFAULT mode.
2025-04-23T09:22:16.928+05:30  INFO 1420 --- [productCrudOperationsUsingSpringJpa] [restartedMain] .s.d.r.c.RepositoryConfigurationDelegate : Finished Spring Data repository scanning in 53 ms. Found 1 JPA repository interface.
2025-04-23T09:22:17.661+05:30  INFO 1420 --- [productCrudOperationsUsingSpringJpa] [restartedMain] o.s.b.w.embedded.tomcat.TomcatWebServer  : Tomcat initialized with port 1113 (http)
2025-04-23T09:22:17.676+05:30  INFO 1420 --- [productCrudOperationsUsingSpringJpa] [restartedMain] o.apache.catalina.core.StandardService   : Starting service [Tomcat]
2025-04-23T09:22:17.676+05:30  INFO 1420 --- [productCrudOperationsUsingSpringJpa] [restartedMain] o.apache.catalina.core.StandardEngine    : Starting Servlet engine: [Apache Tomcat/10.1.39]
2025-04-23T09:22:17.774+05:30  INFO 1420 --- [productCrudOperationsUsingSpringJpa] [restartedMain] o.a.c.c.C.[Tomcat].[localhost].[/]       : Initializing Spring embedded WebApplicationContext
2025-04-23T09:22:17.775+05:30  INFO 1420 --- [productCrudOperationsUsingSpringJpa] [restartedMain] w.s.c.ServletWebServerApplicationContext : Root WebApplicationContext: initialization completed in 2210 ms
2025-04-23T09:22:18.137+05:30  INFO 1420 --- [productCrudOperationsUsingSpringJpa] [restartedMain] o.hibernate.jpa.internal.util.LogHelper  : HHH000204: Processing PersistenceUnitInfo [name: default]
2025-04-23T09:22:18.237+05:30  INFO 1420 --- [productCrudOperationsUsingSpringJpa] [restartedMain] org.hibernate.Version                    : HHH000412: Hibernate ORM core version 6.6.11.Final
2025-04-23T09:22:18.283+05:30  INFO 1420 --- [productCrudOperationsUsingSpringJpa] [restartedMain] o.h.c.internal.RegionFactoryInitiator    : HHH000026: Second-level cache disabled
2025-04-23T09:22:18.617+05:30  INFO 1420 --- [productCrudOperationsUsingSpringJpa] [restartedMain] o.s.o.j.p.SpringPersistenceUnitInfo      : No LoadTimeWeaver setup: ignoring JPA class transformer
2025-04-23T09:22:18.650+05:30  INFO 1420 --- [productCrudOperationsUsingSpringJpa] [restartedMain] com.zaxxer.hikari.HikariDataSource       : HikariPool-1 - Starting...
2025-04-23T09:22:19.010+05:30  INFO 1420 --- [productCrudOperationsUsingSpringJpa] [restartedMain] com.zaxxer.hikari.pool.HikariPool        : HikariPool-1 - Added connection com.mysql.cj.jdbc.ConnectionImpl@6eb4c3ea
2025-04-23T09:22:19.012+05:30  INFO 1420 --- [productCrudOperationsUsingSpringJpa] [restartedMain] com.zaxxer.hikari.HikariDataSource       : HikariPool-1 - Start completed.
2025-04-23T09:22:19.069+05:30  WARN 1420 --- [productCrudOperationsUsingSpringJpa] [restartedMain] org.hibernate.orm.deprecation            : HHH90000025: MySQLDialect does not need to be specified explicitly using 'hibernate.dialect' (remove the property setting and it will be selected by default)
2025-04-23T09:22:19.085+05:30  INFO 1420 --- [productCrudOperationsUsingSpringJpa] [restartedMain] org.hibernate.orm.connections.pooling    : HHH10001005: Database info:
	Database JDBC URL [Connecting through datasource 'HikariDataSource (HikariPool-1)']
	Database driver: undefined/unknown
	Database version: 8.0.41
	Autocommit mode: undefined/unknown
	Isolation level: undefined/unknown
	Minimum pool size: undefined/unknown
	Maximum pool size: undefined/unknown
2025-04-23T09:22:19.877+05:30  INFO 1420 --- [productCrudOperationsUsingSpringJpa] [restartedMain] o.h.e.t.j.p.i.JtaPlatformInitiator       : HHH000489: No JTA platform available (set 'hibernate.transaction.jta.platform' to enable JTA platform integration)
2025-04-23T09:22:19.923+05:30  INFO 1420 --- [productCrudOperationsUsingSpringJpa] [restartedMain] j.LocalContainerEntityManagerFactoryBean : Initialized JPA EntityManagerFactory for persistence unit 'default'
2025-04-23T09:22:20.282+05:30  WARN 1420 --- [productCrudOperationsUsingSpringJpa] [restartedMain] JpaBaseConfiguration$JpaWebConfiguration : spring.jpa.open-in-view is enabled by default. Therefore, database queries may be performed during view rendering. Explicitly configure spring.jpa.open-in-view to disable this warning
2025-04-23T09:22:20.980+05:30  INFO 1420 --- [productCrudOperationsUsingSpringJpa] [restartedMain] o.s.b.a.h2.H2ConsoleAutoConfiguration    : H2 console available at '/h2-console'. Database available at 'jdbc:mysql://localhost:3306/cts1'
2025-04-23T09:22:21.052+05:30  INFO 1420 --- [productCrudOperationsUsingSpringJpa] [restartedMain] o.s.b.d.a.OptionalLiveReloadServer       : LiveReload server is running on port 35729
2025-04-23T09:22:21.066+05:30  INFO 1420 --- [productCrudOperationsUsingSpringJpa] [restartedMain] o.s.b.a.e.web.EndpointLinksResolver      : Exposing 15 endpoints beneath base path '/actuator'
2025-04-23T09:22:21.161+05:30  INFO 1420 --- [productCrudOperationsUsingSpringJpa] [restartedMain] o.s.b.w.embedded.tomcat.TomcatWebServer  : Tomcat started on port 1113 (http) with context path '/'
2025-04-23T09:22:21.173+05:30  INFO 1420 --- [productCrudOperationsUsingSpringJpa] [restartedMain] tCrudOperationsUsingSpringJpaApplication : Started ProductCrudOperationsUsingSpringJpaApplication in 6.27 seconds (process running for 7.56)
2025-04-23T09:22:21.639+05:30  INFO 1420 --- [productCrudOperationsUsingSpringJpa] [RMI TCP Connection(4)-127.0.0.1] o.a.c.c.C.[Tomcat].[localhost].[/]       : Initializing Spring DispatcherServlet 'dispatcherServlet'
2025-04-23T09:22:21.639+05:30  INFO 1420 --- [productCrudOperationsUsingSpringJpa] [RMI TCP Connection(4)-127.0.0.1] o.s.web.servlet.DispatcherServlet        : Initializing Servlet 'dispatcherServlet'
2025-04-23T09:22:21.640+05:30  INFO 1420 --- [productCrudOperationsUsingSpringJpa] [RMI TCP Connection(4)-127.0.0.1] o.s.web.servlet.DispatcherServlet        : Completed initialization in 1 ms
2025-04-23T09:22:37.763+05:30  INFO 1420 --- [productCrudOperationsUsingSpringJpa] [http-nio-1113-exec-2] com.cts.service.ProductServiceImpl       : In ProductServiceImpl getAllproduct method...
2025-04-23T09:22:48.423+05:30  WARN 1420 --- [productCrudOperationsUsingSpringJpa] [http-nio-1113-exec-3] .m.m.a.ExceptionHandlerExceptionResolver : Resolved [org.springframework.web.bind.MethodArgumentNotValidException: Validation failed for argument [0] in public java.lang.String com.cts.controller.ProductController.insertProduct(com.cts.model.Product) with 2 errors: [Field error in object 'product' on field 'productQuantity': rejected value [-20]; codes [Positive.product.productQuantity,Positive.productQuantity,Positive.int,Positive]; arguments [org.springframework.context.support.DefaultMessageSourceResolvable: codes [product.productQuantity,productQuantity]; arguments []; default message [productQuantity]]; default message [quantity cant be zero or -ve]] [Field error in object 'product' on field 'productPrice': rejected value [305000000]; codes [Max.product.productPrice,Max.productPrice,Max.int,Max]; arguments [org.springframework.context.support.DefaultMessageSourceResolvable: codes [product.productPrice,productPrice]; arguments []; default message [productPrice],100000]; default message [Product price should be less than of 100000()]] ]
